
NAME      REPORT          FIRST_SNAP  LAST_SNAP REPORT_TIME
--------- --------------- ---------- ---------- ----------------
ERSP      10 LARGEST SQLS      13807      13830 2012-10-25 14:22

VERSION           HOST_NAME    STARTUP
----------------- ------------ ----------------
9.2.0.8.0         rp4440-g     2012-10-14 07:42

2012-10-24 00:00 FIRST SNAPSHOT      13807
2012-10-24 23:00  LAST SNAPSHOT      13830

STARTING      SQLS    BUFFER_GETS   DISK_READS        PROCESSED    CPU ELAPSED BUFF_HIT
----------- ------ -------------- ------------ ---------------- ------ ------- --------
10/24 00:00    576      3,423,627    1,068,239        8,265,382    210     633     68.8
10/24 01:00    576      2,529,181      944,186        1,552,108    135     968     62.7
10/24 02:00    576      2,538,795      940,050          197,881    143     962     63.0
10/24 03:00    576      3,164,979      743,000        1,597,177    117     838     76.5
10/24 04:00    580      2,404,031      671,910          603,460    122    1035     72.1
10/24 05:00    581     10,937,315    4,175,466          940,222    474    2013     61.8
10/24 06:00    581     55,129,466      279,791          203,586   1518    1573     99.5
10/24 07:00    583      4,798,456      392,458       12,520,580    197     632     91.8
10/24 08:00    584     21,819,527    1,702,809       16,137,555    504    1614     92.2
10/24 09:00    101      3,951,147      696,127       10,091,733    347     564     82.4
10/24 10:00     96      1,696,259        1,509          341,569    335     349     99.9
10/24 11:00    144     13,146,656   10,632,333        2,341,347    685     809     19.1
10/24 12:00    200      3,978,519    1,416,859        1,165,815    290     404     64.4
10/24 13:00    214     10,878,856    2,256,123        3,285,904    472     874     79.3
10/24 14:00    286      8,874,605    1,398,555        8,037,180    468     971     84.2
10/24 15:00    366     10,238,241    5,188,552        3,640,820    470     655     49.3
10/24 16:00    390     17,151,855    6,337,243        9,784,905    894    2185     63.1
10/24 17:00    431      3,059,002      943,939          938,110    310     373     69.1
10/24 18:00    437      4,517,032      993,628        2,390,490    228     246     78.0
10/24 19:00    469      2,028,129      780,991          106,533    117     141     61.5
10/24 20:00    481      1,976,770      726,156          274,091    130     141     63.3
10/24 21:00    482      1,999,009      622,001           86,123    116     197     68.9
10/24 22:00    483      2,381,420      709,912          177,975    114     168     70.2
                   -------------- ------------ ---------------- ------ -------
sum                   192,622,877   43,621,837       84,680,546   8396   18345

Top SQLs by BUFFER GETS

RANK    BUFFER_GETS  GETS/EXEC     EXECS   DISK_READS        PROCESSED    CPU ELAPSED          HASH_VALUE
---- -------------- ---------- --------- ------------ ---------------- ------ ------- -------------------
   1     54,203,834        184    294772            2            9,342   1472    1456           263845048
   2     17,263,963      40813       423   17,098,219              423    622     734           558240086
   3     14,787,227     180332        82    3,268,112           83,379    654    3835          4059705689
   4     11,916,044        690     17272            0           17,232    127     126           149088519
   5     11,598,795      12916       898   10,560,376              898    504    1268          3911269024
   6      8,237,922       3893      2116          341            1,911   2599    2564          4241082667
   7      7,455,811     310659        24      226,853              737     59     534          3745199367
   8      5,004,397    2502199         2    5,002,224           80,092    350    2432          2081775693
   9      3,603,412     189653        19      531,096       12,432,551    129     265          2899374181
  10      3,402,832    3402832         0        3,324        1,062,614     20      27          2907897909
     --------------            --------- ------------ ---------------- ------ -------
sum     137,474,237               315608   36,690,547       13,689,179   6536   13241

Top SQLs by DISK READS

RANK   DISK_READS READS/EXEC     EXECS    BUFFER_GETS        PROCESSED    CPU ELAPSED          HASH_VALUE
---- ------------ ---------- --------- -------------- ---------------- ------ ------- -------------------
   1   17,098,219      40421       423     17,263,963              423    622     734           558240086
   2   10,560,376      11760       898     11,598,795              898    504    1268          3911269024
   3    5,002,224    2501112         2      5,004,397           80,092    350    2432          2081775693
   4    3,268,112      39855        82     14,787,227           83,379    654    3835          4059705689
   5      531,096      27952        19      3,603,412       12,432,551    129     265          2899374181
   6      523,081     174360         3      1,051,813            3,002     43     165          4028450338
   7      500,155        882       567      1,975,138              769     78     392            63906860
   8      455,112     227556         2        511,538        8,606,696     53     197          3611499337
   9      328,320      36480         9      1,625,220          520,463     62      82           286182950
  10      258,784      18485        14        261,760               14     10      11          2349155935
     ------------            --------- -------------- ---------------- ------ -------
sum    38,525,479                 2019     57,683,263       21,728,287   2505    9381

Top SQLs by CPU

RANK    CPU ELAPSED   DISK_READS READS/EXEC     EXECS    BUFFER_GETS        PROCESSED          HASH_VALUE
---- ------ ------- ------------ ---------- --------- -------------- ---------------- -------------------
   1   2599    2564          341          0      2116      8,237,922            1,911          4241082667
   2   1472    1456            2          0    294772     54,203,834            9,342           263845048
   3    654    3835    3,268,112      39855        82     14,787,227           83,379          4059705689
   4    622     734   17,098,219      40421       423     17,263,963              423           558240086
   5    504    1268   10,560,376      11760       898     11,598,795              898          3911269024
   6    350    2432    5,002,224    2501112         2      5,004,397           80,092          2081775693
   7    129     265      531,096      27952        19      3,603,412       12,432,551          2899374181
   8    127     126            0          0     17272     11,916,044           17,232           149088519
   9    110     221      139,591      46530         3      1,050,536        4,611,817          3890376776
  10     80     166      120,014      17145         7         57,827            2,102           832176654
     ------ ------- ------------            --------- -------------- ----------------
sum    6647   13067   36,719,975               315594    127,723,957       17,239,747
        ELSE module
             *
ERROR at line 4:
ORA-00904: "MODULE": invalid identifier



=======================================================================================================
                            SQL 63906860
=======================================================================================================


SQL_TEXT
---------------------------------------------------------------- -----
SELECT * FROM CUSTOMER WHERE CD_EDC_NM = :B3 AND (CD_RGSTRTN_STA from
TUS = :B2 OR CD_RGSTRTN_STATUS = :B1 ) AND ((DT_HOLD_UNTIL IS NU
LL) OR (TRUNC(DT_HOLD_UNTIL) <= TRUNC(SYSDATE)))

FIRST TIME = 2012-10-24 10:00
MODULE     = formreg@rp4440-g (TNS V1-V3)

EXECUTION PLAN       OPTIONS        OBJECT_NAME                COST  IO_COST     ROWS
-------------------- -------------- -------------------- ---------- -------- --------
SELECT STATEMENT                                                 35
TABLE ACCESS         BY INDEX ROWID CUSTOMER                     35       35       20
INDEX                RANGE SCAN     I_CUST_ENROLL_STATUS          3        3      180

TABLE_NAME           NUM_ROWS AVGLEN LAST_ANALYZED  SAMPL      MB USED_MB CALC_MB PCTF PCTU
------------------ ---------- ------ -------------- ----- ------- ------- ------- ---- ----
CUSTOMER              1540020    533 10/20/12 02:41    5%    1404    1404    1305   40

STARTING  MINS    CPU ELAPSED     EXECS    BUFFER_GETS   DISK_READS PROCESSED MODULE
-------- ----- ------ ------- --------- -------------- ------------ --------- ------------------------------
10/24 00    60      0       0         0              0            0         0 formreg@rp4440-g
10/24 01    60      0       0         0              0            0         0 formreg@rp4440-g
10/24 02    60      0       0         0              0            0         0 formreg@rp4440-g
10/24 03    60      0       0         0              0            0         0 formreg@rp4440-g
10/24 04    60      0       0         0              0            0         0 formreg@rp4440-g
10/24 05    60      0       0         0              0            0         0 formreg@rp4440-g
10/24 06    60      0       0         0              0            0         0 formreg@rp4440-g
10/24 07    60      0       0         0              0            0         0 formreg@rp4440-g
10/24 08    60      0       0         0              0            0         0 formreg@rp4440-g
10/24 11    60     11      36        81        281,873       66,183        22 formreg@rp4440-g
10/24 12    60     11      43        81        282,082       58,099       106 formreg@rp4440-g
10/24 13    60     11      41        81        281,851       66,798        14 formreg@rp4440-g
10/24 14    60     10      57        81        282,038       80,063        50 formreg@rp4440-g
10/24 15    60     12      69        81        283,132       68,894       518 formreg@rp4440-g
10/24 16    60     12      92        81        282,135       96,627        49 formreg@rp4440-g
10/24 17    60     11      54        81        282,027       63,491        10 formreg@rp4440-g
10/24 18    60      0       0         0              0            0         0 formreg@rp4440-g
10/24 19    60      0       0         0              0            0         0 formreg@rp4440-g
10/24 20    60      0       0         0              0            0         0 formreg@rp4440-g
10/24 21    60      0       0         0              0            0         0 formreg@rp4440-g
10/24 22    60      0       0         0              0            0         0 formreg@rp4440-g
         ----- ------ ------- --------- -------------- ------------ ---------
sum       1260     78     392       567      1,975,138      500,155       769

=======================================================================================================
                            SQL 149088519
=======================================================================================================


SQL_TEXT
---------------------------------------------------------------- -----
SELECT "RATE_ID","SUPPLIER_ID","TERM_MONTHS" FROM "CPES"."CAS_SU from
PPLIER_RATE" "A" WHERE "SUPPLIER_ID"='EPLUS' AND TO_CHAR("RATE_I where
D")=:1

FIRST TIME = 2012-10-25 08:55
MODULE     = oracle@rp4440-g (TNS V1-V3)

EXECUTION PLAN       OPTIONS        OBJECT_NAME                COST  IO_COST     ROWS
-------------------- -------------- -------------------- ---------- -------- --------
SELECT STATEMENT                                                 39
TABLE ACCESS         FULL           CAS_SUPPLIER_RATE            39       39        1

TABLE_NAME           NUM_ROWS AVGLEN LAST_ANALYZED  SAMPL      MB USED_MB CALC_MB PCTF PCTU
------------------ ---------- ------ -------------- ----- ------- ------- ------- ---- ----
CAS_SUPPLIER_RATE       11484    310 10/20/12 02:21  100%       5       5       4   10

STARTING  MINS    CPU ELAPSED     EXECS    BUFFER_GETS   DISK_READS PROCESSED MODULE
-------- ----- ------ ------- --------- -------------- ------------ --------- ------------------------------
10/24 00    60      0       0         0              0            0         0 oracle@rp4440-g (
10/24 01    60      0       0         0              0            0         0 oracle@rp4440-g (
10/24 02    60      0       0         0              0            0         0 oracle@rp4440-g (
10/24 03    60      0       0         0              0            0         0 oracle@rp4440-g (
10/24 04    60      0       0         0              0            0         0 oracle@rp4440-g (
10/24 05    60      0       0         0              0            0         0 oracle@rp4440-g (
10/24 06    60      0       0         0              0            0         0 oracle@rp4440-g (
10/24 07    60      0       0         0              0            0         0 oracle@rp4440-g (
10/24 08    60    127     126     17272     11,916,044            0     17232 oracle@rp4440-g (
         ----- ------ ------- --------- -------------- ------------ ---------
sum        540    127     126     17272     11,916,044            0     17232

=======================================================================================================
                            SQL 263845048
=======================================================================================================


SQL_TEXT
---------------------------------------------------------------- -----
SELECT DECODE FROM CODES_TABLES WHERE (CODES_TABLE = :B3 ) AND ( from
UPPER(CODE) = UPPER(:B2 )) AND (KY_SUPPLIER_ID = :B1 OR KY_SUPPL
IER_ID = 'ALL')

FIRST TIME = 2012-10-24 23:22
MODULE     = SQL*Plus

EXECUTION PLAN       OPTIONS        OBJECT_NAME                COST  IO_COST     ROWS
-------------------- -------------- -------------------- ---------- -------- --------
SELECT STATEMENT                                                  3
SELECT STATEMENT                                                 13
TABLE ACCESS         BY INDEX ROWID CODES_TABLES                  3        3        1
TABLE ACCESS         FULL           CODES_TABLES                 13       13        3
INDEX                RANGE SCAN     PK_CODES_TABLES               2        2        1

TABLE_NAME           NUM_ROWS AVGLEN LAST_ANALYZED  SAMPL      MB USED_MB CALC_MB PCTF PCTU
------------------ ---------- ------ -------------- ----- ------- ------- ------- ---- ----
CODES_TABLES            13492     54 10/20/12 02:40   50%       1       1       1   10

STARTING  MINS    CPU ELAPSED     EXECS    BUFFER_GETS   DISK_READS PROCESSED MODULE
-------- ----- ------ ------- --------- -------------- ------------ --------- ------------------------------
10/24 00    60      0       0         0              0            0         0 SQL*Plus
10/24 00    60      0       0         0              0            0         0 SQL*Plus
10/24 01    60      0       0         0              0            0         0 SQL*Plus
10/24 01    60      0       0         0              0            0         0 SQL*Plus
10/24 02    60      0       0         0              0            0         0 SQL*Plus
10/24 02    60      0       0         0              0            0         0 SQL*Plus
10/24 03    60      0       0         0              0            0         0 SQL*Plus
10/24 03    60      0       0         0              0            0         0 SQL*Plus
10/24 04    60      0       0         0              0            0         0 SQL*Plus
10/24 04    60      0       0         0              0            0         0 SQL*Plus
10/24 05    60      0       0         0              0            0         0 SQL*Plus
10/24 05    60      0       0         0              0            0         0 SQL*Plus
10/24 06    60    736     728    147386     27,101,917            1      4671 SQL*Plus
10/24 06    60    736     728    147386     27,101,917            1      4671 SQL*Plus
10/24 07    60      0       0         0              0            0         0 SQL*Plus
10/24 07    60      0       0         0              0            0         0 SQL*Plus
10/24 08    60      0       0         0              0            0         0 SQL*Plus
10/24 08    60      0       0         0              0            0         0 SQL*Plus
         ----- ------ ------- --------- -------------- ------------ ---------
sum       1080   1472    1456    294772     54,203,834            2      9342

=======================================================================================================
                            SQL 286182950
=======================================================================================================


SQL_TEXT
---------------------------------------------------------------- -----
SELECT "KY_ER_REF_ID","CD_EDC_NM","CD_RGSTRTN_STATUS","CD_TAR_TY
PE","DT_CONTRACT_START","CD_AFFINITY_GRP","DT_SERVICE_START","DT
_CNTC_ENROLL","DT_CNTC_REGISTER","KY_SUPPLIER_ID","DT_CONTRACT_E
ND","CD_SERVICE","CD_BROKER_CODE" FROM "ERADMIN"."CUSTOMER" "C"  from
WHERE "KY_SUPPLIER_ID"=:1 AND "CD_AFFINITY_GRP"=:2

FIRST TIME = 2012-10-24 12:00
MODULE     = oracle@rp4440-g (TNS V1-V3)

EXECUTION PLAN       OPTIONS        OBJECT_NAME                COST  IO_COST     ROWS
-------------------- -------------- -------------------- ---------- -------- --------
SELECT STATEMENT                                              10953
TABLE ACCESS         FULL           CUSTOMER                  10953    10953      150

TABLE_NAME           NUM_ROWS AVGLEN LAST_ANALYZED  SAMPL      MB USED_MB CALC_MB PCTF PCTU
------------------ ---------- ------ -------------- ----- ------- ------- ------- ---- ----
CUSTOMER              1540020    533 10/20/12 02:41    5%    1404    1404    1305   40

STARTING  MINS    CPU ELAPSED     EXECS    BUFFER_GETS   DISK_READS PROCESSED MODULE
-------- ----- ------ ------- --------- -------------- ------------ --------- ------------------------------
10/24 00    60     21      36         3        541,562      117,978    173417 oracle@rp4440-g (
10/24 01    60      0       0         0              0            0         0 oracle@rp4440-g (
10/24 02    60      0       0         0              0            0         0 oracle@rp4440-g (
10/24 03    60      0       0         0              0            0         0 oracle@rp4440-g (
10/24 04    60      0       0         0              0            0         0 oracle@rp4440-g (
10/24 05    60      0       0         0              0            0         0 oracle@rp4440-g (
10/24 06    60     22      27         3        541,562      208,777    173417 oracle@rp4440-g (
10/24 07    60      0       0         0              0            0         0 oracle@rp4440-g (
10/24 08    60      0       0         0              0            0         0 oracle@rp4440-g (
10/24 13    60      0       0         0              0            0         0 oracle@rp4440-g (
10/24 14    60      0       0         0              0            0         0 oracle@rp4440-g (
10/24 15    60      0       0         0              0            0         0 oracle@rp4440-g (
10/24 16    60      0       0         0              0            0         0 oracle@rp4440-g (
10/24 17    60      0       0         0              0            0         0 oracle@rp4440-g (
10/24 18    60     19      19         3        542,096        1,565    173629 oracle@rp4440-g (
10/24 19    60      0       0         0              0            0         0 oracle@rp4440-g (
10/24 20    60      0       0         0              0            0         0 oracle@rp4440-g (
10/24 21    60      0       0         0              0            0         0 oracle@rp4440-g (
10/24 22    60      0       0         0              0            0         0 oracle@rp4440-g (
         ----- ------ ------- --------- -------------- ------------ ---------
sum       1140     62      82         9      1,625,220      328,320    520463

=======================================================================================================
                            SQL 558240086
=======================================================================================================


SQL_TEXT
---------------------------------------------------------------- -----
SELECT TX_ERROR_MESSAGE FROM BUSINESS_DATA_REPAIR WHERE KY_SEQUE from
NCE = :B1

FIRST TIME = 2012-10-24 10:39
MODULE     = oracle@rp4440-g (TNS V1-V3)

EXECUTION PLAN       OPTIONS        OBJECT_NAME                COST  IO_COST     ROWS
-------------------- -------------- -------------------- ---------- -------- --------
SELECT STATEMENT                                               2482
TABLE ACCESS         FULL           BUSINESS_DATA_REPAIR       2482     2482        2

TABLE_NAME           NUM_ROWS AVGLEN LAST_ANALYZED  SAMPL      MB USED_MB CALC_MB PCTF PCTU
------------------ ---------- ------ -------------- ----- ------- ------- ------- ---- ----
BUSINESS_DATA_REPA    2007460    141 10/20/12 02:40    5%     318     318     300   10
IR


STARTING  MINS    CPU ELAPSED     EXECS    BUFFER_GETS   DISK_READS PROCESSED MODULE
-------- ----- ------ ------- --------- -------------- ------------ --------- ------------------------------
10/24 00    60      0       0         0              0            0         0 oracle@rp4440-g (
10/24 01    60      0       0         0              0            0         0 oracle@rp4440-g (
10/24 02    60      0       0         0              0            0         0 oracle@rp4440-g (
10/24 03    60      0       0         0              0            0         0 oracle@rp4440-g (
10/24 04    60      0       0         0              0            0         0 oracle@rp4440-g (
10/24 05    60      0       0         0              0            0         0 oracle@rp4440-g (
10/24 06    60      0       0         0              0            0         0 oracle@rp4440-g (
10/24 07    60      0       0         0              0            0         0 oracle@rp4440-g (
10/24 08    60      0       0         0              0            0         0 oracle@rp4440-g (
10/24 11    60    347     360       238      9,691,130    9,659,304       238 oracle@rp4440-g (
10/24 12    60     20      40        13        529,349      528,987        13 oracle@rp4440-g (
10/24 13    60     22      57        14        570,066      569,722        14 oracle@rp4440-g (
10/24 14    60      0       0         0              0            0         0 oracle@rp4440-g (
10/24 15    60    143     159       101      4,138,071    4,085,794       101 oracle@rp4440-g (
10/24 16    60     90     118        57      2,335,347    2,254,412        57 oracle@rp4440-g (
10/24 17    60      0       0         0              0            0         0 oracle@rp4440-g (
10/24 18    60      0       0         0              0            0         0 oracle@rp4440-g (
10/24 19    60      0       0         0              0            0         0 oracle@rp4440-g (
10/24 20    60      0       0         0              0            0         0 oracle@rp4440-g (
10/24 21    60      0       0         0              0            0         0 oracle@rp4440-g (
10/24 22    60      0       0         0              0            0         0 oracle@rp4440-g (
         ----- ------ ------- --------- -------------- ------------ ---------
sum       1260    622     734       423     17,263,963   17,098,219       423

=======================================================================================================
                            SQL 693371722
=======================================================================================================


SQL_TEXT
---------------------------------------------------------------- -----
SELECT "KY_ER_REF_ID","TX_TRACKING","TX_CLIENT_ACCTNO","CD_ACCOU
NT_SUB_TYPE" FROM "ERADMIN"."CUSTOMER" "CUST"                    from

FIRST TIME = 2012-10-25 03:01
MODULE     = oracle@rp4440-g (TNS V1-V3)

EXECUTION PLAN       OPTIONS        OBJECT_NAME                COST  IO_COST     ROWS
-------------------- -------------- -------------------- ---------- -------- --------
SELECT STATEMENT                                              10953
TABLE ACCESS         FULL           CUSTOMER                  10953    10953  1540020

TABLE_NAME           NUM_ROWS AVGLEN LAST_ANALYZED  SAMPL      MB USED_MB CALC_MB PCTF PCTU
------------------ ---------- ------ -------------- ----- ------- ------- ------- ---- ----
CUSTOMER              1540020    533 10/20/12 02:41    5%    1404    1404    1305   40

STARTING  MINS    CPU ELAPSED     EXECS    BUFFER_GETS   DISK_READS PROCESSED MODULE
-------- ----- ------ ------- --------- -------------- ------------ --------- ------------------------------
10/24 00    60      0       0         0              0            0         0 oracle@rp4440-g (
10/24 01    60      0       0         0              0            0         0 oracle@rp4440-g (
10/24 02    60      0       0         0              0            0         0 oracle@rp4440-g (
10/24 03    60      9      72         1        183,312       38,733   1536912 oracle@rp4440-g (
10/24 04    60      0       0         0              0            0         0 oracle@rp4440-g (
10/24 05    60      0       0         0              0            0         0 oracle@rp4440-g (
10/24 06    60      0       0         0              0            0         0 oracle@rp4440-g (
10/24 07    60      0       0         0              0            0         0 oracle@rp4440-g (
10/24 08    60      8      34         1        183,316       73,217   1537007 oracle@rp4440-g (
         ----- ------ ------- --------- -------------- ------------ ---------
sum        540     17     106         2        366,628      111,950   3073919

=======================================================================================================
                            SQL 832176654
=======================================================================================================


SQL_TEXT
---------------------------------------------------------------- -----
SELECT EDI_DATA, KY_EDI_SEQ FROM EDI_REG_OUTBOUND_814 WHERE FL_P from
ROCESSED <> 'Y' ORDER BY KY_EDI_SEQ

FIRST TIME = 2012-10-24 10:02
MODULE     = writereg@rp4440-g (TNS V1-V3)

EXECUTION PLAN       OPTIONS        OBJECT_NAME                COST  IO_COST     ROWS
-------------------- -------------- -------------------- ---------- -------- --------
SELECT STATEMENT                                              11376
SORT                 ORDER BY                                 11376    11376       10
TABLE ACCESS         BY INDEX ROWID EDI_REG_OUTBOUND_814      11370    11370       10
BITMAP CONVERSION    TO ROWIDS
BITMAP MINUS
BITMAP MINUS
BITMAP CONVERSION    FROM ROWIDS
SORT                 ORDER BY
INDEX                FULL SCAN      PK_EDI_REG_OUTBOUND8       8264     8264  2534540
                                    14

BITMAP MERGE
BITMAP INDEX         RANGE SCAN     I_REG_OUTBOUND4
BITMAP MERGE
BITMAP INDEX         RANGE SCAN     I_REG_OUTBOUND4

TABLE_NAME           NUM_ROWS AVGLEN LAST_ANALYZED  SAMPL      MB USED_MB CALC_MB PCTF PCTU
------------------ ---------- ------ -------------- ----- ------- ------- ------- ---- ----
EDI_REG_OUTBOUND_8    2534540   1220 10/20/12 03:33    5%    3729    3729    3277   10
14


STARTING  MINS    CPU ELAPSED     EXECS    BUFFER_GETS   DISK_READS PROCESSED MODULE
-------- ----- ------ ------- --------- -------------- ------------ --------- ------------------------------
10/24 00    60      0       0         0              0            0         0 writereg@rp4440-g
10/24 01    60      0       0         0              0            0         0 writereg@rp4440-g
10/24 02    60      0       0         0              0            0         0 writereg@rp4440-g
10/24 03    60      0       0         0              0            0         0 writereg@rp4440-g
10/24 04    60      0       0         0              0            0         0 writereg@rp4440-g
10/24 05    60      0       0         0              0            0         0 writereg@rp4440-g
10/24 06    60      0       0         0              0            0         0 writereg@rp4440-g
10/24 07    60      0       0         0              0            0         0 writereg@rp4440-g
10/24 08    60      0       0         0              0            0         0 writereg@rp4440-g
10/24 11    60     11      26         1          8,212       18,285        37 writereg@rp4440-g
10/24 12    60     12      25         1          8,270       18,326       415 writereg@rp4440-g
10/24 13    60     12      29         1          8,224       18,284       115 writereg@rp4440-g
10/24 14    60     11      23         1          8,226       18,293        88 writereg@rp4440-g
10/24 15    60     12      22         1          8,443       18,346      1353 writereg@rp4440-g
10/24 16    60     12      25         1          8,232       18,320        79 writereg@rp4440-g
10/24 17    60     10      16         1          8,220       10,160        15 writereg@rp4440-g
10/24 18    60      0       0         0              0            0         0 writereg@rp4440-g
10/24 19    60      0       0         0              0            0         0 writereg@rp4440-g
10/24 20    60      0       0         0              0            0         0 writereg@rp4440-g
10/24 21    60      0       0         0              0            0         0 writereg@rp4440-g
10/24 22    60      0       0         0              0            0         0 writereg@rp4440-g
         ----- ------ ------- --------- -------------- ------------ ---------
sum       1260     80     166         7         57,827      120,014      2102

=======================================================================================================
                            SQL 2081775693
=======================================================================================================


SQL_TEXT
---------------------------------------------------------------- -----
SELECT DISTINCT KY_REG_REF_NO, CD_TRANS_TYPE, CD_ORIG_TRANS_TYPE
, KY_EDC_ACCTNO, EDI_DATA, KY_TRANS_GRP_ID, CD_SERVICE FROM EDI_ from
REG_INBOUND_814 WHERE RECORD_TYPE = :B2 AND FL_PROCESSED <> 'Y'  where
AND CD_BUS_APP = :B1 ORDER BY KY_REG_REF_NO, KY_TRANS_GRP_ID, SU
BSTR(EDI_DATA, 640, 1) DESC

FIRST TIME = 2012-10-24 13:11
MODULE     = prcregin@rp4440-g (TNS V1-V3)

EXECUTION PLAN       OPTIONS        OBJECT_NAME                COST  IO_COST     ROWS
-------------------- -------------- -------------------- ---------- -------- --------
SELECT STATEMENT                                             535546
SORT                 ORDER BY                                535546   535546  1280250
SORT                 UNIQUE                                  343733   343733  1280250
TABLE ACCESS         FULL           EDI_REG_INBOUND_814      151920   151920  1280250

TABLE_NAME           NUM_ROWS AVGLEN LAST_ANALYZED  SAMPL      MB USED_MB CALC_MB PCTF PCTU
------------------ ---------- ------ -------------- ----- ------- ------- ------- ---- ----
EDI_REG_INBOUND_81   14993640   1129 10/20/12 03:22    5%   19475   19475   17937   10
4


STARTING  MINS    CPU ELAPSED     EXECS    BUFFER_GETS   DISK_READS PROCESSED MODULE
-------- ----- ------ ------- --------- -------------- ------------ --------- ------------------------------
10/24 00    60      0       0         0              0            0         0 prcregin@rp4440-g
10/24 01    60      0       0         0              0            0         0 prcregin@rp4440-g
10/24 02    60      0       0         0              0            0         0 prcregin@rp4440-g
10/24 03    60      0       0         0              0            0         0 prcregin@rp4440-g
10/24 04    60      0       0         0              0            0         0 prcregin@rp4440-g
10/24 05    60    204    1489         1      2,501,043    2,499,404     40537 prcregin@rp4440-g
10/24 06    60      0       0         0              0            0         0 prcregin@rp4440-g
10/24 07    60      0       0         0              0            0         0 prcregin@rp4440-g
10/24 08    60      0       0         0              0            0         0 prcregin@rp4440-g
10/24 14    60      0       0         0              0            0         0 prcregin@rp4440-g
10/24 15    60      0       0         1              0            0         0 prcregin@rp4440-g
10/24 16    60    146     943         0      2,503,354    2,502,820     39555 prcregin@rp4440-g
10/24 17    60      0       0         0              0            0         0 prcregin@rp4440-g
10/24 18    60      0       0         0              0            0         0 prcregin@rp4440-g
10/24 19    60      0       0         0              0            0         0 prcregin@rp4440-g
10/24 20    60      0       0         0              0            0         0 prcregin@rp4440-g
10/24 21    60      0       0         0              0            0         0 prcregin@rp4440-g
10/24 22    60      0       0         0              0            0         0 prcregin@rp4440-g
         ----- ------ ------- --------- -------------- ------------ ---------
sum       1080    350    2432         2      5,004,397    5,002,224     80092

=======================================================================================================
                            SQL 2349155935
=======================================================================================================


SQL_TEXT
---------------------------------------------------------------- -----
UPDATE ECR_CONFIRMATION_RESPONSE A SET CD_TRANSACTION_STATUS = '
SUCCESS', DT_PROCESSED = SYSDATE , TX_EXTERNAL_MESSAGE = 'Transa
ction Processed Successfully', TX_INTERNAL_MESSAGE = 'Successful
' WHERE KY_ROW_SEQ_TRANS = :B1 AND KY_CONFIRMATION = ( SELECT MA where
X(KY_CONFIRMATION) FROM ECR_CONFIRMATION_RESPONSE WHERE KY_ROW_S from
EQ_TRANS = A.KY_ROW_SEQ_TRANS AND CD_TRANSACTION_STATUS = 'PROCE
SS')

FIRST TIME = 2012-10-24 16:20
MODULE     = SQL*Plus

EXECUTION PLAN       OPTIONS        OBJECT_NAME                COST  IO_COST     ROWS
-------------------- -------------- -------------------- ---------- -------- --------
UPDATE STATEMENT                                               1140
UPDATE
FILTER
TABLE ACCESS         FULL           ECR_CONFIRMATION_RES        570      570        1
                                    PONSE

SORT                 AGGREGATE                                                      1
TABLE ACCESS         FULL           ECR_CONFIRMATION_RES        570      570        1
                                    PONSE


TABLE_NAME           NUM_ROWS AVGLEN LAST_ANALYZED  SAMPL      MB USED_MB CALC_MB PCTF PCTU
------------------ ---------- ------ -------------- ----- ------- ------- ------- ---- ----
ECR_CONFIRMATION_R     378980    171 10/20/12 02:44    5%      73      73      69   10
ESPONSE


STARTING  MINS    CPU ELAPSED     EXECS    BUFFER_GETS   DISK_READS PROCESSED MODULE
-------- ----- ------ ------- --------- -------------- ------------ --------- ------------------------------
10/24 00    60      0       0         0              0            0         0 SQL*Plus
10/24 01    60      0       0         0              0            0         0 SQL*Plus
10/24 02    60      0       0         0              0            0         0 SQL*Plus
10/24 03    60      0       0         0              0            0         0 SQL*Plus
10/24 04    60      0       0         0              0            0         0 SQL*Plus
10/24 05    60     10      11        14        261,760      258,784        14 SQL*Plus
10/24 06    60      0       0         0              0            0         0 SQL*Plus
10/24 07    60      0       0         0              0            0         0 SQL*Plus
10/24 08    60      0       0         0              0            0         0 SQL*Plus
10/24 17    60      0       0         0              0            0         0 SQL*Plus
10/24 18    60      0       0         0              0            0         0 SQL*Plus
10/24 19    60      0       0         0              0            0         0 SQL*Plus
10/24 20    60      0       0         0              0            0         0 SQL*Plus
10/24 21    60      0       0         0              0            0         0 SQL*Plus
10/24 22    60      0       0         0              0            0         0 SQL*Plus
         ----- ------ ------- --------- -------------- ------------ ---------
sum        900     10      11        14        261,760      258,784        14

=======================================================================================================
                            SQL 2899374181
=======================================================================================================


SQL_TEXT
---------------------------------------------------------------- -----
SELECT "CD_EDC_NM" ,"KY_EDC_ACCTNO" ,"KY_SUPPLIER_ID" ,"ERADMIN"
."CUSTOMER"."KY_ER_REF_ID" FROM "ERADMIN"."CUSTOMER" WHERE (NOT( from
("CD_RGSTRTN_STATUS" = 'PFNL' ) ) AND NOT(("CD_RGSTRTN_STATUS" =
 'FNLD' ) ) )

FIRST TIME = 2012-10-24 10:28
MODULE     = MSACCESS.EXE

EXECUTION PLAN       OPTIONS        OBJECT_NAME                COST  IO_COST     ROWS
-------------------- -------------- -------------------- ---------- -------- --------
SELECT STATEMENT                                              10953
TABLE ACCESS         FULL           CUSTOMER                  10953    10953  1327874

TABLE_NAME           NUM_ROWS AVGLEN LAST_ANALYZED  SAMPL      MB USED_MB CALC_MB PCTF PCTU
------------------ ---------- ------ -------------- ----- ------- ------- ------- ---- ----
CUSTOMER              1540020    533 10/20/12 02:41    5%    1404    1404    1305   40

STARTING  MINS    CPU ELAPSED     EXECS    BUFFER_GETS   DISK_READS PROCESSED MODULE
-------- ----- ------ ------- --------- -------------- ------------ --------- ------------------------------
10/24 00    60      0       0         0              0            0         0
10/24 01    60      0       0         0              0            0         0
10/24 02    60      0       0         0              0            0         0
10/24 03    60      0       0         0              0            0         0
10/24 04    60      0       0         0              0            0         0
10/24 05    60      0       0         0              0            0         0
10/24 06    60      0       0         0              0            0         0
10/24 07    60      0       0         0              0            0         0
10/24 08    60      0       0         0              0            0         0
10/24 11    60     20      36         3        544,322       87,037   1961699 MSACCESS.EXE
10/24 12    60      6       6         1        181,429        7,216    653901 MSACCESS.EXE
10/24 13    60      0       0         0              0            0         0 MSACCESS.EXE
10/24 14    60     38     129         5        959,071      251,685   3271687 MSACCESS.EXE
10/24 15    60     26      37         4        777,683       49,259   2617455 MSACCESS.EXE
10/24 16    60     26      44         4        726,298      104,294   2618294 MSACCESS.EXE
10/24 17    60      6       7         1        181,575       31,080    654751 MSACCESS.EXE
10/24 18    60      7       6         1        233,034          525    654764 MSACCESS.EXE
10/24 19    60      0       0         0              0            0         0 MSACCESS.EXE
10/24 20    60      0       0         0              0            0         0 MSACCESS.EXE
10/24 21    60      0       0         0              0            0         0 MSACCESS.EXE
10/24 22    60      0       0         0              0            0         0 MSACCESS.EXE
         ----- ------ ------- --------- -------------- ------------ ---------
sum       1260    129     265        19      3,603,412      531,096  12432551

=======================================================================================================
                            SQL 2907897909
=======================================================================================================


SQL_TEXT
---------------------------------------------------------------- -----
SELECT "A1"."ID_PROSPECT",NULL,NULL,"A1"."UTIL_CODE","A1"."UTIL_
NO",NULL,"A1"."FIRST_NAME"||' '||"A1"."LAST_NAME","A1"."AD_SERV_
LN_1","A1"."AD_SERV_LN_2","A1"."AD_SERV_CITY","A1"."AD_SERV_ST",
"A1"."AD_SERV_ZIP","A1"."AD_BILL_LN_1","A1"."AD_BILL_LN_2","A1".
"AD_BILL_CITY","A1"."AD_BILL_ST","A1"."AD_BILL_ZIP","A1"."TX_PHN
_NO","A1"."TX_EMAIL_AD","A1"."RATE_CLASS","A1"."STATUS",NULL,NUL
L,NULL,NULL,NULL,NULL,NULL,NULL,NULL,NULL,NULL,NULL,NULL,"A1"."C
ONFIRM_NO","A1"."RATE_ID","A1"."STAGED_DATE" FROM "CPES"."CAS_PR from
OSPECT" "A1" WHERE "A1"."SUPPLIER_ID"='EPLUS' AND  NOT EXISTS (S where
ELECT 0 FROM "ERADMIN"."CUSTOMER" "A2" WHERE "A2"."KY_CAS_ACCOUN from
T_ID"="A1"."ID_PROSPECT")

FIRST TIME = 2012-10-24 12:46
MODULE     = oracle@rp4440-g (TNS V1-V3)

EXECUTION PLAN       OPTIONS        OBJECT_NAME                COST  IO_COST     ROWS
-------------------- -------------- -------------------- ---------- -------- --------
SELECT STATEMENT                                             298939
FILTER
TABLE ACCESS         FULL           CAS_PROSPECT               6166     6166    97591
INDEX                RANGE SCAN     I_CAS_ACCOUNT_ID              3        3        4

TABLE_NAME           NUM_ROWS AVGLEN LAST_ANALYZED  SAMPL      MB USED_MB CALC_MB PCTF PCTU
------------------ ---------- ------ -------------- ----- ------- ------- ------- ---- ----
CAS_PROSPECT          4549580    197 10/20/12 02:19    5%     790     790     950   10

STARTING  MINS    CPU ELAPSED     EXECS    BUFFER_GETS   DISK_READS PROCESSED MODULE
-------- ----- ------ ------- --------- -------------- ------------ --------- ------------------------------
10/24 00    60      0       0         0              0            0         0 oracle@rp4440-g (
10/24 01    60      0       0         0              0            0         0 oracle@rp4440-g (
10/24 02    60      0       0         0              0            0         0 oracle@rp4440-g (
10/24 03    60      0       0         0              0            0         0 oracle@rp4440-g (
10/24 04    60      0       0         0              0            0         0 oracle@rp4440-g (
10/24 05    60      0       0         0              0            0         0 oracle@rp4440-g (
10/24 06    60      0       0         0              0            0         0 oracle@rp4440-g (
10/24 07    60      0       0         0              0            0         0 oracle@rp4440-g (
10/24 08    60      0       0         0              0            0         0 oracle@rp4440-g (
10/24 13    60     20      27         0      3,402,832        3,324   1062614 oracle@rp4440-g (
10/24 14    60      0       0         0              0            0         0 oracle@rp4440-g (
10/24 15    60      0       0         0              0            0         0 oracle@rp4440-g (
10/24 16    60      0       0         0              0            0         0 oracle@rp4440-g (
10/24 17    60      0       0         0              0            0         0 oracle@rp4440-g (
10/24 18    60      0       0         0              0            0         0 oracle@rp4440-g (
10/24 19    60      0       0         0              0            0         0 oracle@rp4440-g (
10/24 20    60      0       0         0              0            0         0 oracle@rp4440-g (
10/24 21    60      0       0         0              0            0         0 oracle@rp4440-g (
10/24 22    60      0       0         0              0            0         0 oracle@rp4440-g (
         ----- ------ ------- --------- -------------- ------------ ---------
sum       1140     20      27         0      3,402,832        3,324   1062614

=======================================================================================================
                            SQL 3611499337
=======================================================================================================


SQL_TEXT
---------------------------------------------------------------- -----
SELECT "KY_ER_REF_ID","TS_KY","TX_COMMENTS" FROM "ERADMIN"."EVEN from
T" "EVENT" WHERE "TS_KY">TO_DATE(' 2011-07-01 00:00:00', 'syyyy- where
mm-dd hh24:mi:ss')

FIRST TIME = 2012-10-23 08:27
MODULE     = oracle@rp4440-g (TNS V1-V3)

EXECUTION PLAN       OPTIONS        OBJECT_NAME                COST  IO_COST     ROWS
-------------------- -------------- -------------------- ---------- -------- --------
SELECT STATEMENT                                              15503
TABLE ACCESS         FULL           EVENT                     15503    15503  4385817

TABLE_NAME           NUM_ROWS AVGLEN LAST_ANALYZED  SAMPL      MB USED_MB CALC_MB PCTF PCTU
------------------ ---------- ------ -------------- ----- ------- ------- ------- ---- ----
EVENT                12912880    146 10/20/12 03:39    5%    1987    1987    1893    5

STARTING  MINS    CPU ELAPSED     EXECS    BUFFER_GETS   DISK_READS PROCESSED MODULE
-------- ----- ------ ------- --------- -------------- ------------ --------- ------------------------------
10/24 00    60      0       0         0              0            0         0 oracle@rp4440-g (
10/24 01    60      0       0         0              0            0         0 oracle@rp4440-g (
10/24 02    60      0       0         0              0            0         0 oracle@rp4440-g (
10/24 03    60      0       0         0              0            0         0 oracle@rp4440-g (
10/24 04    60      0       0         0              0            0         0 oracle@rp4440-g (
10/24 05    60      0       0         0              0            0         0 oracle@rp4440-g (
10/24 06    60      0       0         0              0            0         0 oracle@rp4440-g (
10/24 07    60      0       0         0              0            0         0 oracle@rp4440-g (
10/24 08    60      0       0         0              0            0         0 oracle@rp4440-g (
10/24 09    60     53     197         2        511,538      455,112   8606696 oracle@rp4440-g (
10/24 10    60      0       0         0              0            0         0 oracle@rp4440-g (
10/24 11    60      0       0         0              0            0         0 oracle@rp4440-g (
10/24 12    60      0       0         0              0            0         0 oracle@rp4440-g (
10/24 13    60      0       0         0              0            0         0 oracle@rp4440-g (
10/24 14    60      0       0         0              0            0         0 oracle@rp4440-g (
10/24 15    60      0       0         0              0            0         0 oracle@rp4440-g (
10/24 16    60      0       0         0              0            0         0 oracle@rp4440-g (
10/24 17    60      0       0         0              0            0         0 oracle@rp4440-g (
10/24 18    60      0       0         0              0            0         0 oracle@rp4440-g (
10/24 19    60      0       0         0              0            0         0 oracle@rp4440-g (
10/24 20    60      0       0         0              0            0         0 oracle@rp4440-g (
10/24 21    60      0       0         0              0            0         0 oracle@rp4440-g (
10/24 22    60      0       0         0              0            0         0 oracle@rp4440-g (
         ----- ------ ------- --------- -------------- ------------ ---------
sum       1380     53     197         2        511,538      455,112   8606696

=======================================================================================================
                            SQL 3745199367
=======================================================================================================


SQL_TEXT
---------------------------------------------------------------- -----
SELECT * FROM CAS_PROSPECT WHERE SUPPLIER_ID = :B1 AND STATUS =  from
'SUBMITTED'

FIRST TIME = 2012-10-24 10:00
MODULE     = SQL*Plus

EXECUTION PLAN       OPTIONS        OBJECT_NAME                COST  IO_COST     ROWS
-------------------- -------------- -------------------- ---------- -------- --------
SELECT STATEMENT                                               2759
TABLE ACCESS         BY INDEX ROWID CAS_PROSPECT               2759     2759     1195
INDEX                RANGE SCAN     CAS_PROSPECT_IDX3            18       18     4780

TABLE_NAME           NUM_ROWS AVGLEN LAST_ANALYZED  SAMPL      MB USED_MB CALC_MB PCTF PCTU
------------------ ---------- ------ -------------- ----- ------- ------- ------- ---- ----
CAS_PROSPECT          4549580    197 10/20/12 02:19    5%     790     790     950   10

STARTING  MINS    CPU ELAPSED     EXECS    BUFFER_GETS   DISK_READS PROCESSED MODULE
-------- ----- ------ ------- --------- -------------- ------------ --------- ------------------------------
10/24 00    60      0       0         0              0            0         0 SQL*Plus
10/24 01    60      0       0         0              0            0         0 SQL*Plus
10/24 02    60      0       0         0              0            0         0 SQL*Plus
10/24 03    60      0       0         0              0            0         0 SQL*Plus
10/24 04    60      0       0         0              0            0         0 SQL*Plus
10/24 05    60      0       0         0              0            0         0 SQL*Plus
10/24 06    60      0       0         0              0            0         0 SQL*Plus
10/24 07    60     19     140         8      2,484,528       43,421        52 SQL*Plus
10/24 08    60      0       0         0              0            0         0 SQL*Plus
10/24 11    60      0       0         0              0            0         0 SQL*Plus
10/24 12    60      0       0         0              0            0         0 SQL*Plus
10/24 13    60      0       0         0              0            0         0 SQL*Plus
10/24 14    60     20     197         8      2,485,767       83,145       376 SQL*Plus
10/24 15    60      0       0         0              0            0         0 SQL*Plus
10/24 16    60     20     197         8      2,485,516      100,287       309 SQL*Plus
10/24 17    60      0       0         0              0            0         0 SQL*Plus
10/24 18    60      0       0         0              0            0         0 SQL*Plus
10/24 19    60      0       0         0              0            0         0 SQL*Plus
10/24 20    60      0       0         0              0            0         0 SQL*Plus
10/24 21    60      0       0         0              0            0         0 SQL*Plus
10/24 22    60      0       0         0              0            0         0 SQL*Plus
         ----- ------ ------- --------- -------------- ------------ ---------
sum       1260     59     534        24      7,455,811      226,853       737

=======================================================================================================
                            SQL 3890376776
=======================================================================================================


SQL_TEXT
---------------------------------------------------------------- -----
SELECT ERADMIN.CUSTOMER.KY_ER_REF_ID, ERADMIN.CUSTOMER.CD_EDC_NM
, ERADMIN.CUSTOMER.KY_EDC_ACCTNO, ERADMIN.CUSTOMER.CD_EDC_NM_SRC
E, ERADMIN.CUSTOMER.CD_EDC_ACCTNO_SRCE, ERADMIN.CUSTOMER.KY_ACQU
ISITION_ID, ERADMIN.CUSTOMER.KY_MRKTING_ID, ERADMIN.CUSTOMER.KY_
CAMS_ID, ERADMIN.CUSTOMER.CD_ENROLL_STATUS, ERADMIN.CUSTOMER.CD_
RGSTRTN_STATUS, ERADMIN.CUSTOMER.TS_KY, ERADMIN.CUSTOMER.FL_RLSE
_PHN, ERADMIN.CUSTOMER.FL_RLSE_INFO, ERADMIN.CUSTOMER.FL_RLSE_US
AGE, ERADMIN.CUSTOMER.FL_DO_NOT_CALL, ERADMIN.CUSTOMER.FL_DO_NOT
_MAIL, ERADMIN.CUSTOMER.NM_CUST_BUS, ERADMIN.CUSTOMER.NM_CUST_2,
 ERADMIN.CUSTOMER.NM_CUST_LST_1, ERADMIN.CUSTOMER.NM_CUST_1ST_1,
 ERADMIN.CUSTOMER.NM_CUST_MID_1, ERADMIN.CUSTOMER.NM_CUST_SFIX_1
, ERADMIN.CUSTOMER.NM_CUST_TTL_1, ERADMIN.CUSTOMER.CD_JOB_TTL, E
RADMIN.CUSTOMER.AD_SERV_LN_1, ERADMIN.CUSTOMER.AD_SERV_LN_2, ERA
DMIN.CUSTOMER.AD_SERV_CITY, ERADMIN.CUSTOMER.AD_SERV_CNTY, ERADM
IN.CUSTOMER.AD_SERV_ST, ERADMIN.CUSTOMER.AD_SERV_ZIP, ERADMIN.CU
STOMER.AD_SERV_ZIP_FOUR, ERADMIN.CUSTOMER.AD_BILL_LN_1, ERADMIN.
CUSTOMER.AD_BILL_LN_2, ERADMIN.CUSTOMER.AD_BILL_CITY, ERADMIN.CU
STOMER.AD_BILL_ST, ERADMIN.CUSTOMER.AD_BILL_ZIP, ERADMIN.CUSTOME
R.AD_BILL_ZIP_FOUR, ERADMIN.CUSTOMER.CD_MRKT_SEGMENT, ERADMIN.CU
STOMER.CD_TAR_TYPE, ERADMIN.CUSTOMER.CD_CUST_TYPE, ERADMIN.CUSTO
MER.FL_ELEC_HEAT, ERADMIN.CUSTOMER.AT_AVG_MO_BILL, ERADMIN.CUSTO
MER.QY_AVG_MO_USAGE, ERADMIN.CUSTOMER.CD_SERV_SUPP, ERADMIN.CUST
OMER.CD_EDC_TAR_SCH, ERADMIN.CUSTOMER.CD_OFFER_ACCPT, ERADMIN.CU
STOMER.AT_OFFER, ERADMIN.CUSTOMER.CD_OFFER_GIVN, ERADMIN.CUSTOME
R.CD_BILL_OPTION, ERADMIN.CUSTOMER.FL_BB, ERADMIN.CUSTOMER.FL_EF
T, ERADMIN.CUSTOMER.FL_SUM_BILL, ERADMIN.CUSTOMER.KY_LINK_NO, ER
ADMIN.CUSTOMER.FL_PRIMARY_RES, ERADMIN.CUSTOMER.FL_LNDLRD, ERADM
IN.CUSTOMER.FL_TAX_EXEMPT, ERADMIN.CUSTOMER.PCT_SALES_TX, ERADMI
N.CUSTOMER.FL_PILOT_PARTICPANT, ERADMIN.CUSTOMER.CD_CUST_PRSPCT,
 ERADMIN.CUSTOMER.FL_POINTS_PGM, ERADMIN.CUSTOMER.QY_POINTS, ERA
DMIN.CUSTOMER.CD_SIC, ERADMIN.CUSTOMER.DT_CONTRACT_START, ERADMI
N.CUSTOMER.QY_CONTRACT_MO, ERADMIN.CUSTOMER.KY_SSN, ERADMIN.CUST
OMER.TX_DAY_PHN_ACD, ERADMIN.CUSTOMER.TX_DAY_PHN_NO, ERADMIN.CUS
TOMER.TX_DAY_PHN_EXTN, ERADMIN.CUSTOMER.TX_EVENING_PHN_ACD, ERAD
MIN.CUSTOMER.TX_EVENING_PHN_NO, ERADMIN.CUSTOMER.TX_BUS_FAX_ACD,
 ERADMIN.CUSTOMER.TX_BUS_FAX_NO, ERADMIN.CUSTOMER.TX_FAX_ACD, ER
ADMIN.CUSTOMER.TX_FAX_NO, ERADMIN.CUSTOMER.TX_EMAIL_AD, ERADMIN.
CUSTOMER.NM_CNTC2_LST_1, ERADMIN.CUSTOMER.NM_CNTC2_1ST_1, ERADMI
N.CUSTOMER.NM_CNTC2_MID_1, ERADMIN.CUSTOMER.NM_CNTC2_SFIX_1, ERA
DMIN.CUSTOMER.NM_CNTC2_TTL_1, ERADMIN.CUSTOMER.CD_CNTC2_JOB_TTL,
 ERADMIN.CUSTOMER.TX_CNTC2_PHN_ACD, ERADMIN.CUSTOMER.TX_CNTC2_PH
N_NO, ERADMIN.CUSTOMER.TX_CNTC2_PHN_EXTN, ERADMIN.CUSTOMER.TX_CN
TC2_FAX_ACD, ERADMIN.CUSTOMER.TX_CNTC2_FAX_NO, ERADMIN.CUSTOMER.
TX_CNTC2_EMAIL_AD, ERADMIN.CUSTOMER.NM_CNTC3_LST_1, ERADMIN.CUST
OMER.NM_CNTC3_1ST_1, ERADMIN.CUSTOMER.NM_CNTC3_MID_1, ERADMIN.CU
STOMER.NM_CNTC3_SFIX_1, ERADMIN.CUSTOMER.NM_CNTC3_TTL_1, ERADMIN
.CUSTOMER.CD_CNTC3_JOB_TTL, ERADMIN.CUSTOMER.TX_CNTC3_PHN_ACD, E
RADMIN.CUSTOMER.TX_CNTC3_PHN_NO, ERADMIN.CUSTOMER.TX_CNTC3_PHN_E
XTN, ERADMIN.CUSTOMER.TX_CNTC3_FAX_ACD, ERADMIN.CUSTOMER.TX_CNTC
3_FAX_NO, ERADMIN.CUSTOMER.TX_CNTC3_EMAIL_AD, ERADMIN.CUSTOMER.C
D_AFFINITY_GRP, ERADMIN.CUSTOMER.TX_AFFINITY_GRP_NO, ERADMIN.CUS
TOMER.NM_LST_AFFINITY_GRP, ERADMIN.CUSTOMER.NM_1ST_AFFINITY_GRP,
 ERADMIN.CUSTOMER.FL_AFFINITY_GRP_MBR, ERADMIN.CUSTOMER.DT_SERVI
CE_START, ERADMIN.CUSTOMER.DT_SERVICE_END, ERADMIN.CUSTOMER.QY_L
OAD_FACTOR, ERADMIN.CUSTOMER.DT_CNTC_ENROLL, ERADMIN.CUSTOMER.DT
_CNTC_REGISTER, ERADMIN.CUSTOMER.PCT_ELIGIBLE_LOAD, ERADMIN.CUST
OMER.PCT_PARTICIPATING_INT, ERADMIN.CUSTOMER.NM_THIRDPARTY, ERAD

SQL_TEXT
---------------------------------------------------------------- -----
MIN.CUSTOMER.AD_THIRDPARTY_LN_1, ERADMIN.CUSTOMER.AD_THIRDPARTY_
LN_2, ERADMIN.CUSTOMER.AD_THIRDPARTY_CITY, ERADMIN.CUSTOMER.AD_T
HIRDPARTY_STATE, ERADMIN.CUSTOMER.AD_THIRDPARTY_ZIP, ERADMIN.CUS
TOMER.AD_THIRDPARTY_ZIP_FOUR, ERADMIN.CUSTOMER.QY_TOTAL_KWH, ERA
DMIN.CUSTOMER.QY_MTHS_TOTAL_KWH, ERADMIN.CUSTOMER.QY_PEAK_DEMAND
_KW, ERADMIN.CUSTOMER.KY_CAPACITY_OBLGTN_KW, ERADMIN.CUSTOMER.DT
_CNTC_REINSTATE, ERADMIN.CUSTOMER.QY_TRANSMSN_OBLGTN_KW, ERADMIN
.CUSTOMER.CD_PAYMENT_ARRANGEMENT, ERADMIN.CUSTOMER.CD_SUBAFFINIT
Y_GRP, ERADMIN.CUSTOMER.OLD_EDC_ACCTNO, ERADMIN.CUSTOMER.KY_CAS_
CUSTOMER_ID, ERADMIN.CUSTOMER.KY_CAS_ACCOUNT_ID, ERADMIN.CUSTOME
R.KY_CAS_OFFER_ID, ERADMIN.CUSTOMER.DT_HOLD_UNTIL, ERADMIN.CUSTO
MER.FL_KEY_CUSTOMER, ERADMIN.CUSTOMER.KY_DEAL_DETAIL_ID, ERADMIN
.CUSTOMER.KY_SUPPLIER_ID, ERADMIN.CUSTOMER.CD_SERVICE_LEVEL, ERA
DMIN.CUSTOMER.AT_OPS_FEE, ERADMIN.CUSTOMER.AT_EXCHANGE_FEE, ERAD
MIN.CUSTOMER.FL_EXOTIC_PRICING, ERADMIN.CUSTOMER.FL_RATE_READY,
ERADMIN.CUSTOMER.FL_SUPPLIER_OWNS_RECEIVABLE, ERADMIN.CUSTOMER.T
X_SUPPLIER_RATE_CODE, ERADMIN.CUSTOMER.TX_MTR_EQUIP_NO, ERADMIN.
CUSTOMER.AT_CUSTOMER_CHARGE, ERADMIN.CUSTOMER.DT_CONTRACT_END, E
RADMIN.CUSTOMER.FL_PPL_OWNS_RECEIVABLE, ERADMIN.CUSTOMER.AT_FLAT
_ENERGY_PRICE, ERADMIN.CUSTOMER.FL_SPECIAL_HANDLING, ERADMIN.CUS
TOMER.TX_TRACKING, ERADMIN.CUSTOMER.QY_DUE_DAYS, ERADMIN.CUSTOME
R.AT_FLAT_TRANS_PRICE, ERADMIN.CUSTOMER.TX_CONTRACT_NAME, ERADMI
N.CUSTOMER.QY_ESTIMATED_KW, ERADMIN.CUSTOMER.DT_SENT_TO_ENROLL,
ERADMIN.CUSTOMER.KY_VOLTAGE, ERADMIN.CUSTOMER.KY_CUSTOMER_CARE,
ERADMIN.CUSTOMER.CD_SERVICE, ERADMIN.CUSTOMER.CD_DUNS_GRP, ERADM
IN.CUSTOMER.CD_CLIENT_CREDIT_RATING, ERADMIN.CUSTOMER.TX_CLIENT_
COMMENT, ERADMIN.CUSTOMER.TX_CLIENT_ACCTNO, ERADMIN.CUSTOMER.DT_
PPL_SUPPLY_START, ERADMIN.CUSTOMER.TX_OCC_NUMBER, ERADMIN.CUSTOM
ER.CD_PAYMENT_TERMS, ERADMIN.CUSTOMER.CD_PRODUCT, ERADMIN.CUSTOM
ER.CD_DEAL_TYPE, ERADMIN.CUSTOMER.CD_ACCOUNT_SUB_TYPE, ERADMIN.C
USTOMER.CD_UNIT_OF_MEASURE, ERADMIN.CUSTOMER.CD_INDEX, ERADMIN.C
USTOMER.AT_INDEX_PRICE_ADDER, ERADMIN.CUSTOMER.FL_LIFE_SUPPORT,
ERADMIN.CUSTOMER.FL_NEW_CUSTOMER, ERADMIN.CUSTOMER.FL_NEW_PREMIS
E, ERADMIN.CUSTOMER.CD_USAGE_CALC_CODE, ERADMIN.CUSTOMER.CD_PIPE
LINE, ERADMIN.CUSTOMER.CD_POOL, ERADMIN.CUSTOMER.CD_DELIVERY_POI
NT, ERADMIN.CUSTOMER.QY_DCQ, ERADMIN.CUSTOMER.FL_INTERRUPTIBLE,
ERADMIN.CUSTOMER.CD_UNDERTAKE, ERADMIN.CUSTOMER.CD_OVERTAKE, ERA
DMIN.CUSTOMER.QY_SWING_PERCENTAGE, ERADMIN.CUSTOMER.CD_TOLERANCE
, ERADMIN.CUSTOMER.TX_SPOT_PRICE, ERADMIN.CUSTOMER.QY_JANUARY, E
RADMIN.CUSTOMER.QY_FEBRUARY, ERADMIN.CUSTOMER.QY_MARCH, ERADMIN.
CUSTOMER.QY_APRIL, ERADMIN.CUSTOMER.QY_MAY, ERADMIN.CUSTOMER.QY_
JUNE, ERADMIN.CUSTOMER.QY_JULY, ERADMIN.CUSTOMER.QY_AUGUST, ERAD
MIN.CUSTOMER.QY_SEPTEMBER, ERADMIN.CUSTOMER.QY_OCTOBER, ERADMIN.
CUSTOMER.QY_NOVEMBER, ERADMIN.CUSTOMER.QY_DECEMBER, ERADMIN.CUST
OMER.QY_TOTAL, ERADMIN.CUSTOMER.CD_SECONDARY_REQUEST, ERADMIN.CU
STOMER.CD_PLAN_OPTION, ERADMIN.CUSTOMER.DT_SPECIAL_READ, ERADMIN
.CUSTOMER.TX_SCHEDULING_NAME, ERADMIN.CUSTOMER.CD_SINK_ID, ERADM
IN.CUSTOMER.CD_CONSUMPTION_INDEX, ERADMIN.CUSTOMER.CD_SCHEDULING
_ID, ERADMIN.CUSTOMER.AT_KW_DAY_PRICE, ERADMIN.CUSTOMER.AT_KW_DA
Y_CAPACITY_CHARGE, ERADMIN.CUSTOMER.QY_LPC_PCT, ERADMIN.CUSTOMER
.TX_UDC, ERADMIN.CUSTOMER.FL_NOTIFY_WAIVER, ERADMIN.CUSTOMER.TX_
DISTRIBUTION_LOSS_FACTOR, ERADMIN.CUSTOMER.CD_PREMISE_TYPE, ERAD
MIN.CUSTOMER.TX_STATION_ID, ERADMIN.CUSTOMER.CD_LANGUAGE, ERADMI
N.CUSTOMER.QY_BUDGET_BILLING, ERADMIN.CUSTOMER.DT_SENT_TO_CPM, E
RADMIN.CUSTOMER.CD_GAS_CAPACITY, ERADMIN.CUSTOMER.CD_GAS_SERVICE
, ERADMIN.CUSTOMER.TX_GAS_SERVICE_DESCRIPTION, ERADMIN.CUSTOMER.
CD_UTILITY_PROGRAM, ERADMIN.CUSTOMER.CD_BILL_PRINT_MESSAGE, ERAD

SQL_TEXT
---------------------------------------------------------------- -----
MIN.CUSTOMER.CD_ENROLLMENT_TYPE, ERADMIN.CUSTOMER.CD_PERMIT_TYPE
, ERADMIN.CUSTOMER.CD_PRIORITY_CODE, ERADMIN.CUSTOMER.FL_ICAP, E
RADMIN.CUSTOMER.PCT_GRT_TAX, ERADMIN.CUSTOMER.PCT_LOCAL_UTILITY_
USERS_TAX, ERADMIN.CUSTOMER.PCT_LOCAL_GRT_TAX, ERADMIN.CUSTOMER.
PCT_TX_PUBLIC_UTILITY_ASSESS, ERADMIN.CUSTOMER.TX_BALANCING_ACCO
UNT, ERADMIN.CUSTOMER.KY_ROW_SEQ_TRANS, ERADMIN.CUSTOMER.CD_PROM
O_CODE, ERADMIN.CUSTOMER.TX_GROUPING_ID, ERADMIN.CUSTOMER.TX_COM
MUNITY, ERADMIN.CUSTOMER.AT_DEPOSIT_AMT, ERADMIN.CUSTOMER.CD_BRO
KER_CODE, ERADMIN.CUSTOMER.KY_VALIDATION_TYPE, ERADMIN.CUSTOMER.
TX_VALIDATION_VALUE, ERADMIN.CUSTOMER.TX_SITE_INFO, ERADMIN.CUST
OMER.TX_CRITICAL_CARE_TYPE, ERADMIN.CUSTOMER.DT_CRITICAL_CARE_EN
D FROM ERADMIN.CUSTOMER                                          from

FIRST TIME = 2012-10-24 13:34
MODULE     = pmdtm@rp4440-e (TNS V1-V3)

EXECUTION PLAN       OPTIONS        OBJECT_NAME                COST  IO_COST     ROWS
-------------------- -------------- -------------------- ---------- -------- --------
SELECT STATEMENT                                              10953
TABLE ACCESS         FULL           CUSTOMER                  10953    10953  1540020

TABLE_NAME           NUM_ROWS AVGLEN LAST_ANALYZED  SAMPL      MB USED_MB CALC_MB PCTF PCTU
------------------ ---------- ------ -------------- ----- ------- ------- ------- ---- ----
CUSTOMER              1540020    533 10/20/12 02:41    5%    1404    1404    1305   40

STARTING  MINS    CPU ELAPSED     EXECS    BUFFER_GETS   DISK_READS PROCESSED MODULE
-------- ----- ------ ------- --------- -------------- ------------ --------- ------------------------------
10/24 00    60     36      71         1        349,984       42,363   1536912 pmdtm@rp4440-e (T
10/24 01    60      0       0         0              0            0         0 pmdtm@rp4440-e (T
10/24 02    60      0       0         0              0            0         0 pmdtm@rp4440-e (T
10/24 03    60      0       0         0              0            0         0 pmdtm@rp4440-e (T
10/24 04    60      0       0         0              0            0         0 pmdtm@rp4440-e (T
10/24 05    60      0       0         0              0            0         0 pmdtm@rp4440-e (T
10/24 06    60      0       0         0              0            0         0 pmdtm@rp4440-e (T
10/24 07    60     41     104         1        350,093       75,737   1536955 pmdtm@rp4440-e (T
10/24 08    60      0       0         0              0            0         0 pmdtm@rp4440-e (T
10/24 14    60      0       0         0              0            0         0 pmdtm@rp4440-e (T
10/24 15    60      0       0         0              0            0         0 pmdtm@rp4440-e (T
10/24 16    60     33      46         1        350,459       21,491   1537950 pmdtm@rp4440-e (T
10/24 17    60      0       0         0              0            0         0 pmdtm@rp4440-e (T
10/24 18    60      0       0         0              0            0         0 pmdtm@rp4440-e (T
10/24 19    60      0       0         0              0            0         0 pmdtm@rp4440-e (T
10/24 20    60      0       0         0              0            0         0 pmdtm@rp4440-e (T
10/24 21    60      0       0         0              0            0         0 pmdtm@rp4440-e (T
10/24 22    60      0       0         0              0            0         0 pmdtm@rp4440-e (T
         ----- ------ ------- --------- -------------- ------------ ---------
sum       1080    110     221         3      1,050,536      139,591   4611817

=======================================================================================================
                            SQL 3911269024
=======================================================================================================


SQL_TEXT
---------------------------------------------------------------- -----
SELECT max(a.TIME_COMPLETED)  FROM JOB a WHERE a.CD_JOB_TYPE = ' from
EDI Reg Inbound' AND a.cd_job_status = 'COMPLETED' AND trunc(a.T
IME_STARTED)  = trunc(sysdate)

FIRST TIME = 2012-10-22 13:06
MODULE     = MSACCESS.EXE

EXECUTION PLAN       OPTIONS        OBJECT_NAME                COST  IO_COST     ROWS
-------------------- -------------- -------------------- ---------- -------- --------
SELECT STATEMENT                                                788
SORT                 AGGREGATE                                                      1
TABLE ACCESS         FULL           JOB                         788      788       32

TABLE_NAME           NUM_ROWS AVGLEN LAST_ANALYZED  SAMPL      MB USED_MB CALC_MB PCTF PCTU
------------------ ---------- ------ -------------- ----- ------- ------- ------- ---- ----
JOB                    661940    125 10/20/12 03:41    5%     101     101      88   10

STARTING  MINS    CPU ELAPSED     EXECS    BUFFER_GETS   DISK_READS PROCESSED MODULE
-------- ----- ------ ------- --------- -------------- ------------ --------- ------------------------------
10/24 00    60     42     280        60        762,044      583,857        59 MSACCESS.EXE
10/24 01    60     44     301        60        774,960      586,220        60 MSACCESS.EXE
10/24 02    60     44     269        59        774,960      569,280        60 MSACCESS.EXE
10/24 03    60      0       5         1         12,916        9,252         1 MSACCESS.EXE
10/24 04    60      1       7         2         12,916        9,260         1 MSACCESS.EXE
10/24 05    60      1       9         0         12,916        9,267         1 MSACCESS.EXE
10/24 06    60      0       0         0              0            0         0 MSACCESS.EXE
10/24 07    60      0       0         0              0            0         0 MSACCESS.EXE
10/24 08    60      0       0         0              0            0         0 MSACCESS.EXE
10/24 09    60      0       0         0              0            0         0 MSACCESS.EXE
10/24 10    60      0       0         0              0            0         0 MSACCESS.EXE
10/24 11    60     31      37        57        736,218      734,081        57 MSACCESS.EXE
10/24 12    60     32      31        60        774,964      773,111        60 MSACCESS.EXE
10/24 13    60     31      31        60        775,047      773,092        60 MSACCESS.EXE
10/24 14    60     31      30        60        774,963      773,157        60 MSACCESS.EXE
10/24 15    60     30      30        60        774,960      705,520        60 MSACCESS.EXE
10/24 16    60     31      31        59        762,165      735,193        59 MSACCESS.EXE
10/24 17    60     31      29        60        774,966      773,494        60 MSACCESS.EXE
10/24 18    60     31      31        60        774,960      772,648        60 MSACCESS.EXE
10/24 19    60     30      30        60        774,960      773,266        60 MSACCESS.EXE
10/24 20    60     32      33        60        774,960      707,277        60 MSACCESS.EXE
10/24 21    60     30      48        60        774,960      596,567        60 MSACCESS.EXE
10/24 22    60     32      36        60        774,960      675,834        60 MSACCESS.EXE
         ----- ------ ------- --------- -------------- ------------ ---------
sum       1380    504    1268       898     11,598,795   10,560,376       898

=======================================================================================================
                            SQL 4028450338
=======================================================================================================


SQL_TEXT
---------------------------------------------------------------- -----
SELECT "ERADMIN"."CUSTOMER"."KY_ER_REF_ID","ERADMIN"."EVENT"."KY
_ER_REF_ID","ERADMIN"."EVENT"."TS_KY" FROM "ERADMIN"."CUSTOMER", from
"ERADMIN"."EVENT" WHERE (((("ERADMIN"."CUSTOMER"."KY_SUPPLIER_ID where
" = 'BGEHOME' ) AND ("ERADMIN"."CUSTOMER"."CD_RGSTRTN_STATUS" =
'PSPT' ) ) AND (("ERADMIN"."CUSTOMER"."KY_ER_REF_ID" = "ERADMIN"
."EVENT"."KY_ER_REF_ID" ) AND ("ERADMIN"."CUSTOMER"."CD_RGSTRTN_
STATUS" = "ERADMIN"."EVENT"."CD_RGSTRTN_STATUS" ) ) ) AND ("ERAD
MIN"."EVENT"."CD_EVENT_TYPE" = 'STAT' ) )

FIRST TIME = 2012-10-24 09:59
MODULE     = msaccess.exe

EXECUTION PLAN       OPTIONS        OBJECT_NAME                COST  IO_COST     ROWS
-------------------- -------------- -------------------- ---------- -------- --------
SELECT STATEMENT                                              26494
HASH JOIN                                                     26494    26494    14176
TABLE ACCESS         FULL           CUSTOMER                  10953    10953    11361
TABLE ACCESS         FULL           EVENT                     15503    15503   396402

TABLE_NAME           NUM_ROWS AVGLEN LAST_ANALYZED  SAMPL      MB USED_MB CALC_MB PCTF PCTU
------------------ ---------- ------ -------------- ----- ------- ------- ------- ---- ----
CUSTOMER              1540020    533 10/20/12 02:41    5%    1404    1404    1305   40
EVENT                12912880    146 10/20/12 03:39    5%    1987    1987    1893    5

STARTING  MINS    CPU ELAPSED     EXECS    BUFFER_GETS   DISK_READS PROCESSED MODULE
-------- ----- ------ ------- --------- -------------- ------------ --------- ------------------------------
10/24 11    60      0       0         0              0            0         0 msaccess.exe
10/24 12    60      0       0         0              0            0         0 msaccess.exe
10/24 13    60     43     165         3      1,051,813      523,081      3002 msaccess.exe
10/24 14    60      0       0         0              0            0         0 msaccess.exe
10/24 15    60      0       0         0              0            0         0 msaccess.exe
10/24 16    60      0       0         0              0            0         0 msaccess.exe
10/24 17    60      0       0         0              0            0         0 msaccess.exe
10/24 18    60      0       0         0              0            0         0 msaccess.exe
10/24 19    60      0       0         0              0            0         0 msaccess.exe
10/24 20    60      0       0         0              0            0         0 msaccess.exe
10/24 21    60      0       0         0              0            0         0 msaccess.exe
10/24 22    60      0       0         0              0            0         0 msaccess.exe
         ----- ------ ------- --------- -------------- ------------ ---------
sum        720     43     165         3      1,051,813      523,081      3002

=======================================================================================================
                            SQL 4059705689
=======================================================================================================


SQL_TEXT
---------------------------------------------------------------- -----
SELECT "CD_EDC_NM","CD_RGSTRTN_STATUS","TS_KY","KY_SUPPLIER_ID"
FROM "ERADMIN"."CUSTOMER" "A" WHERE TRUNC("TS_KY")=:1 AND ("CD_R where
GSTRTN_STATUS"='CUST' OR "CD_RGSTRTN_STATUS"='PFNL' OR "CD_RGSTR
TN_STATUS"='PTBC' OR "CD_RGSTRTN_STATUS"='RREQ' OR "CD_RGSTRTN_S
TATUS"='TBC' OR "CD_RGSTRTN_STATUS"='TBR') AND "CD_EDC_NM"<>'GEN
ERIC' AND "KY_SUPPLIER_ID"<>'DEMO'

FIRST TIME = 2012-10-24 10:30
MODULE     = oracle@rp4440-g (TNS V1-V3)

EXECUTION PLAN       OPTIONS        OBJECT_NAME                COST  IO_COST     ROWS
-------------------- -------------- -------------------- ---------- -------- --------
SELECT STATEMENT                                              10953
TABLE ACCESS         FULL           CUSTOMER                  10953    10953     6598

TABLE_NAME           NUM_ROWS AVGLEN LAST_ANALYZED  SAMPL      MB USED_MB CALC_MB PCTF PCTU
------------------ ---------- ------ -------------- ----- ------- ------- ------- ---- ----
CUSTOMER              1540020    533 10/20/12 02:41    5%    1404    1404    1305   40

STARTING  MINS    CPU ELAPSED     EXECS    BUFFER_GETS   DISK_READS PROCESSED MODULE
-------- ----- ------ ------- --------- -------------- ------------ --------- ------------------------------
10/24 00    60     48     152         7      1,262,030      272,611         0 oracle@rp4440-g (
10/24 01    60     69     562         8      1,442,320      317,962         0 oracle@rp4440-g (
10/24 02    60     90     688         9      1,622,610      370,770         0 oracle@rp4440-g (
10/24 03    60     86     725        10      1,802,900      423,880         0 oracle@rp4440-g (
10/24 04    60     98     912        11      1,983,190      614,323         0 oracle@rp4440-g (
10/24 05    60     92     240        12      2,163,545      732,631       631 oracle@rp4440-g (
10/24 06    60      9      65         1        180,293       69,589       544 oracle@rp4440-g (
10/24 07    60     11      85         1        180,293       67,100       591 oracle@rp4440-g (
10/24 08    60      7       7         1        180,293       70,241       591 oracle@rp4440-g (
10/24 11    60      6       8         1        180,309       20,095      1163 oracle@rp4440-g (
10/24 12    60      6       8         1        180,309        7,998      1260 oracle@rp4440-g (
10/24 13    60      9      64         1        180,346       50,100      2356 oracle@rp4440-g (
10/24 14    60      7       9         1        180,438       67,074      2757 oracle@rp4440-g (
10/24 15    60      7      23         1        180,439       19,710      3001 oracle@rp4440-g (
10/24 16    60      8      59         1        180,454       50,080      3493 oracle@rp4440-g (
10/24 17    60      6       7         1        180,467       31,204      3526 oracle@rp4440-g (
10/24 18    60      6       6         1        180,467          524      3538 oracle@rp4440-g (
10/24 19    60     13      35         2        360,932        6,644      8544 oracle@rp4440-g (
10/24 20    60     19      30         3        541,398       18,686     12846 oracle@rp4440-g (
10/24 21    60     26      85         4        721,864       25,401     17128 oracle@rp4440-g (
10/24 22    60     31      65         5        902,330       31,489     21410 oracle@rp4440-g (
         ----- ------ ------- --------- -------------- ------------ ---------
sum       1260    654    3835        82     14,787,227    3,268,112     83379

=======================================================================================================
                            SQL 4210500720
=======================================================================================================


SQL_TEXT
---------------------------------------------------------------- -----
SELECT COUNT(*) FROM "ERADMIN"."CUSTOMER" "A1" WHERE "A1"."CD_RG from
STRTN_STATUS"='TBC' OR "A1"."CD_RGSTRTN_STATUS"='PTBC'

FIRST TIME = 2012-10-24 10:00
MODULE     = oracle@rp4440-g (TNS V1-V3)

EXECUTION PLAN       OPTIONS        OBJECT_NAME                COST  IO_COST     ROWS
-------------------- -------------- -------------------- ---------- -------- --------
SELECT STATEMENT                                              10953
SORT                 AGGREGATE                                                      1
TABLE ACCESS         FULL           CUSTOMER                  10953    10953   220003

TABLE_NAME           NUM_ROWS AVGLEN LAST_ANALYZED  SAMPL      MB USED_MB CALC_MB PCTF PCTU
------------------ ---------- ------ -------------- ----- ------- ------- ------- ---- ----
CUSTOMER              1540020    533 10/20/12 02:41    5%    1404    1404    1305   40

STARTING  MINS    CPU ELAPSED     EXECS    BUFFER_GETS   DISK_READS PROCESSED MODULE
-------- ----- ------ ------- --------- -------------- ------------ --------- ------------------------------
10/24 00    60      0       0         0              0            0         0 oracle@rp4440-g (
10/24 01    60      0       0         0              0            0         0 oracle@rp4440-g (
10/24 02    60      0       0         0              0            0         0 oracle@rp4440-g (
10/24 03    60      0       0         0              0            0         0 oracle@rp4440-g (
10/24 04    60      0       0         0              0            0         0 oracle@rp4440-g (
10/24 05    60      0       0         0              0            0         0 oracle@rp4440-g (
10/24 06    60      0       0         0              0            0         0 oracle@rp4440-g (
10/24 07    60      0       0         0              0            0         0 oracle@rp4440-g (
10/24 08    60      7      76         1        180,290       72,674         1 oracle@rp4440-g (
10/24 11    60      3      20         1        180,302       14,535         1 oracle@rp4440-g (
10/24 12    60      3      27         1        180,312       14,985         1 oracle@rp4440-g (
10/24 13    60      3      16         1        180,306       21,798         1 oracle@rp4440-g (
10/24 14    60      3      49         1        180,306       33,771         1 oracle@rp4440-g (
10/24 15    60      2       7         1        184,514       17,446         1 oracle@rp4440-g (
10/24 16    60      3       7         1        180,450        7,366         1 oracle@rp4440-g (
10/24 17    60      2       3         1        180,450       30,936         1 oracle@rp4440-g (
10/24 18    60      2       2         1        180,466          525         1 oracle@rp4440-g (
10/24 19    60      0       0         0              0            0         0 oracle@rp4440-g (
10/24 20    60      0       0         0              0            0         0 oracle@rp4440-g (
10/24 21    60      0       0         0              0            0         0 oracle@rp4440-g (
10/24 22    60      0       0         0              0            0         0 oracle@rp4440-g (
         ----- ------ ------- --------- -------------- ------------ ---------
sum       1260     28     207         9      1,627,396      214,036         9

=======================================================================================================
                            SQL 4241082667
=======================================================================================================


SQL_TEXT
---------------------------------------------------------------- -----
SELECT A.SUPPLIER_ID, A.FIRST_NAME , A.LAST_NAME , A.AD_BILL_LN_
1, A.AD_BILL_LN_2,A.AD_BILL_CITY, A.AD_BILL_ST, A.AD_BILL_ZIP, A
.TX_PHN_NO, A.TX_EMAIL_AD, A.UTIL_NO, A.AD_SERV_LN_1, A.AD_SERV_
LN_2, A.AD_SERV_CITY, A.AD_SERV_ST, A.AD_SERV_ZIP, A.RATE_ID, A.
RATE_CLASS, A.ID_PROSPECT , A.STATUS, A.FL_BB , A.BUSINESS_NAME,
 A.METER_NUMBER FROM CAS_PROSPECT A WHERE UPPER(A.CUST_CODE) = U from
PPER(:B3 ) AND A.SUPPLIER_ID = :B2 AND A.UTIL_CODE = :B1

FIRST TIME = 2012-10-14 08:45
MODULE     = w3wp.exe

EXECUTION PLAN       OPTIONS        OBJECT_NAME                COST  IO_COST     ROWS
-------------------- -------------- -------------------- ---------- -------- --------
SELECT STATEMENT                                               1217
TABLE ACCESS         BY INDEX ROWID CAS_PROSPECT               1217     1217     1364
INDEX                RANGE SCAN     CAS_PROSPECT_IDX3           435      435     1364

TABLE_NAME           NUM_ROWS AVGLEN LAST_ANALYZED  SAMPL      MB USED_MB CALC_MB PCTF PCTU
------------------ ---------- ------ -------------- ----- ------- ------- ------- ---- ----
CAS_PROSPECT          4549580    197 10/20/12 02:19    5%     790     790     950   10

STARTING  MINS    CPU ELAPSED     EXECS    BUFFER_GETS   DISK_READS PROCESSED MODULE
-------- ----- ------ ------- --------- -------------- ------------ --------- ------------------------------
10/24 00    60      7       7         5         23,065            0         5 w3wp.exe
10/24 01    60      6       7         6         19,848            0         6 w3wp.exe
10/24 02    60      0       0         0              0            0         0 w3wp.exe
10/24 03    60      0       0         0              0            0         0 w3wp.exe
10/24 04    60      9       9         5         27,413            0         3 w3wp.exe
10/24 05    60      5       5         3         16,449            0         3 w3wp.exe
10/24 06    60      9       8         5         27,414            0         4 w3wp.exe
10/24 07    60     25      28        18         73,677            0        17 w3wp.exe
10/24 08    60     96      95        79        299,376            0        64 w3wp.exe
10/24 09    60    209     208       149        657,087            0       135 w3wp.exe
10/24 10    60    313     307       252        994,475            1       206 w3wp.exe
10/24 11    60    223     220       203        704,078            0       177 w3wp.exe
10/24 12    60    167     164       142        529,454            1       134 w3wp.exe
10/24 13    60    239     235       244        769,067           12       225 w3wp.exe
10/24 14    60    281     275       208        893,589            3       199 w3wp.exe
10/24 15    60    151     148       150        484,222            1       137 w3wp.exe
10/24 16    60    361     356       261      1,149,377          322       240 w3wp.exe
10/24 17    60    213     209       142        679,613            0       134 w3wp.exe
10/24 18    60     95      92        80        300,522            0        78 w3wp.exe
10/24 19    60     53      52        45        165,158            0        34 w3wp.exe
10/24 20    60     61      61        50        192,577            0        43 w3wp.exe
10/24 21    60     51      53        43        158,552            0        42 w3wp.exe
10/24 22    60     25      25        26         72,909            1        25 w3wp.exe
         ----- ------ ------- --------- -------------- ------------ ---------
sum       1380   2599    2564      2116      8,237,922          341      1911
